Added Component: Designator=C1(LC-0603_C(2.2UF/10V))
Add component. Clean all parameters for all variants
Add component (AddParameter): Name = "Value"; Value = "100nF (104) ±10% 50V"; VariantName = "[No Variations]"
Add component (AddParameter): Name = "名称"; Value = "贴片电容"; VariantName = "[No Variations]"
Add component (AddParameter): Name = "封装"; Value = "0603"; VariantName = "[No Variations]"
Add component (AddParameter): Name = "立创商城编号"; Value = "C43922"; VariantName = "[No Variations]"
Add component (AddParameter): Name = "规格"; Value = "2.2uF(2252.2uF(225) ±10% 16V 编带"; VariantName = "[No Variations]"
Added Component: Designator=C2(LC-0603_C(普通电容))
Add component. Clean all parameters for all variants
Add component (AddParameter): Name = "Value"; Value = "100nF (104) ±10% 50V"; VariantName = "[No Variations]"
Add component (AddParameter): Name = "立创商城编号"; Value = "常用"; VariantName = "[No Variations]"
Added Component: Designator=C3(LC-0603_C(普通电容))
Add component. Clean all parameters for all variants
Add component (AddParameter): Name = "Value"; Value = "100nF (104) ±10% 50V"; VariantName = "[No Variations]"
Add component (AddParameter): Name = "立创商城编号"; Value = "常用"; VariantName = "[No Variations]"
Added Component: Designator=C4(LC-0603_C(普通电容))
Add component. Clean all parameters for all variants
Add component (AddParameter): Name = "值"; Value = "0.1UF"; VariantName = "[No Variations]"
Add component (AddParameter): Name = "名称"; Value = "贴片电容"; VariantName = "[No Variations]"
Add component (AddParameter): Name = "封装"; Value = "0402"; VariantName = "[No Variations]"
Add component (AddParameter): Name = "规格"; Value = "±10% 25V"; VariantName = "[No Variations]"
Added Component: Designator=C5(钽电容0603（25v）)
Add component. Clean all parameters for all variants
Add component (AddParameter): Name = "值"; Value = "22UF"; VariantName = "[No Variations]"
Add component (AddParameter): Name = "名称"; Value = "钽电容(基美)"; VariantName = "[No Variations]"
Add component (AddParameter): Name = "封装"; Value = "CASE-D_7343"; VariantName = "[No Variations]"
Add component (AddParameter): Name = "立创商城编号"; Value = "C122303"; VariantName = "[No Variations]"
Add component (AddParameter): Name = "规格"; Value = "±10% 25V 编带"; VariantName = "[No Variations]"
Added Component: Designator=C6(直插电解电容 - duplicate)
Add component. Clean all parameters for all variants
Add component (AddParameter): Name = "名称"; Value = "电解电容"; VariantName = "[No Variations]"
Add component (AddParameter): Name = "封装"; Value = ""; VariantName = "[No Variations]"
Add component (AddParameter): Name = "立创商城编号"; Value = "C47905"; VariantName = "[No Variations]"
Add component (AddParameter): Name = "规格"; Value = "3.3uF 400V 袋装 6.3*12"; VariantName = "[No Variations]"
Added Component: Designator=C7(钽电容0603（25v）)
Add component. Clean all parameters for all variants
Add component (AddParameter): Name = "值"; Value = "22uf"; VariantName = "[No Variations]"
Add component (AddParameter): Name = "名称"; Value = "钽电容(基美)"; VariantName = "[No Variations]"
Add component (AddParameter): Name = "封装"; Value = "CASE-D_7343"; VariantName = "[No Variations]"
Add component (AddParameter): Name = "立创商城编号"; Value = "C122249"; VariantName = "[No Variations]"
Add component (AddParameter): Name = "规格"; Value = "±10% 25V 编带"; VariantName = "[No Variations]"
Added Component: Designator=C8(LC-0603_C(普通电容))
Add component. Clean all parameters for all variants
Add component (AddParameter): Name = "值"; Value = "0.1UF"; VariantName = "[No Variations]"
Add component (AddParameter): Name = "名称"; Value = "贴片电容"; VariantName = "[No Variations]"
Add component (AddParameter): Name = "封装"; Value = "0603"; VariantName = "[No Variations]"
Add component (AddParameter): Name = "规格"; Value = "±10% 25V"; VariantName = "[No Variations]"
Added Component: Designator=C9(LC-1210_C大电容)
Add component. Clean all parameters for all variants
Add component (AddParameter): Name = "Value"; Value = "100nF (104) ±10% 50V"; VariantName = "[No Variations]"
Add component (AddParameter): Name = "立创商城编号"; Value = "C49066"; VariantName = "[No Variations]"
Added Component: Designator=C10(LC-0603_C(普通电容))
Add component. Clean all parameters for all variants
Add component (AddParameter): Name = "Value"; Value = "100nF (104) ±10% 50V"; VariantName = "[No Variations]"
Add component (AddParameter): Name = "立创商城编号"; Value = "C14664"; VariantName = "[No Variations]"
Added Component: Designator=C11(LC-0603_C(普通电容))
Add component. Clean all parameters for all variants
Add component (AddParameter): Name = "LatestRevisionDate"; Value = "29-May-2009"; VariantName = "[No Variations]"
Add component (AddParameter): Name = "LatestRevisionNote"; Value = "IPC-7351 Footprint Added."; VariantName = "[No Variations]"
Add component (AddParameter): Name = "PackageDescription"; Value = "Chip Capacitor"; VariantName = "[No Variations]"
Add component (AddParameter): Name = "PackageReference"; Value = "C1206"; VariantName = "[No Variations]"
Add component (AddParameter): Name = "Published"; Value = "8-Jun-2000"; VariantName = "[No Variations]"
Add component (AddParameter): Name = "Publisher"; Value = "Altium Limited"; VariantName = "[No Variations]"
Add component (AddParameter): Name = "Value"; Value = "0.1uF"; VariantName = "[No Variations]"
Added Component: Designator=C12(LC-0603_C(普通电容))
Add component. Clean all parameters for all variants
Add component (AddParameter): Name = "Value"; Value = "100nF (104) ±10% 50V"; VariantName = "[No Variations]"
Add component (AddParameter): Name = "立创商城编号"; Value = "C49066"; VariantName = "[No Variations]"
Added Component: Designator=C13(LC-0805_C)
Add component. Clean all parameters for all variants
Add component (AddParameter): Name = "Value"; Value = "100nF (104) ±10% 50V"; VariantName = "[No Variations]"
Add component (AddParameter): Name = "立创商城编号"; Value = "C86036"; VariantName = "[No Variations]"
Added Component: Designator=C14(LC-0805_C)
Add component. Clean all parameters for all variants
Add component (AddParameter): Name = "Value"; Value = "100nF (104) ±10% 50V"; VariantName = "[No Variations]"
Add component (AddParameter): Name = "立创商城编号"; Value = "C86036"; VariantName = "[No Variations]"
Added Component: Designator=C15(LC-0805_C)
Add component. Clean all parameters for all variants
Add component (AddParameter): Name = "Value"; Value = "100nF (104) ±10% 50V"; VariantName = "[No Variations]"
Add component (AddParameter): Name = "立创商城编号"; Value = "C86036"; VariantName = "[No Variations]"
Added Component: Designator=C16(LC-0603_C(普通电容))
Add component. Clean all parameters for all variants
Add component (AddParameter): Name = "值"; Value = "2.2UF"; VariantName = "[No Variations]"
Add component (AddParameter): Name = "名称"; Value = "贴片电容"; VariantName = "[No Variations]"
Add component (AddParameter): Name = "封装"; Value = "0603"; VariantName = "[No Variations]"
Add component (AddParameter): Name = "规格"; Value = "±10% 25V"; VariantName = "[No Variations]"
Added Component: Designator=C17(LC-0603_C(普通电容))
Add component. Clean all parameters for all variants
Add component (AddParameter): Name = "值"; Value = "0.1UF"; VariantName = "[No Variations]"
Add component (AddParameter): Name = "名称"; Value = "贴片电容"; VariantName = "[No Variations]"
Add component (AddParameter): Name = "封装"; Value = "0402"; VariantName = "[No Variations]"
Add component (AddParameter): Name = "规格"; Value = "±10% 25V"; VariantName = "[No Variations]"
Added Component: Designator=C18(LC-0603_C(普通电容))
Add component. Clean all parameters for all variants
Add component (AddParameter): Name = "值"; Value = "0.1UF"; VariantName = "[No Variations]"
Add component (AddParameter): Name = "名称"; Value = "贴片电容"; VariantName = "[No Variations]"
Add component (AddParameter): Name = "封装"; Value = "0402"; VariantName = "[No Variations]"
Add component (AddParameter): Name = "规格"; Value = "±10% 25V"; VariantName = "[No Variations]"
Added Component: Designator=C19(LC-0603_C(普通电容))
Add component. Clean all parameters for all variants
Add component (AddParameter): Name = "值"; Value = "0.1UF"; VariantName = "[No Variations]"
Add component (AddParameter): Name = "名称"; Value = "贴片电容"; VariantName = "[No Variations]"
Add component (AddParameter): Name = "封装"; Value = "0402"; VariantName = "[No Variations]"
Add component (AddParameter): Name = "规格"; Value = "±10% 25V"; VariantName = "[No Variations]"
Added Component: Designator=C20(LC-0603_C(普通电容))
Add component. Clean all parameters for all variants
Add component (AddParameter): Name = "值"; Value = "0.1UF"; VariantName = "[No Variations]"
Add component (AddParameter): Name = "名称"; Value = "贴片电容"; VariantName = "[No Variations]"
Add component (AddParameter): Name = "封装"; Value = "0402"; VariantName = "[No Variations]"
Add component (AddParameter): Name = "规格"; Value = "±10% 25V"; VariantName = "[No Variations]"
Added Component: Designator=C21(LC-0603_C(普通电容))
Add component. Clean all parameters for all variants
Add component (AddParameter): Name = "值"; Value = "0.1UF"; VariantName = "[No Variations]"
Add component (AddParameter): Name = "名称"; Value = "贴片电容"; VariantName = "[No Variations]"
Add component (AddParameter): Name = "封装"; Value = "0402"; VariantName = "[No Variations]"
Add component (AddParameter): Name = "规格"; Value = "±10% 25V"; VariantName = "[No Variations]"
Added Component: Designator=C22(LC-0603_C(普通电容))
Add component. Clean all parameters for all variants
Add component (AddParameter): Name = "值"; Value = "0.1UF"; VariantName = "[No Variations]"
Add component (AddParameter): Name = "名称"; Value = "贴片电容"; VariantName = "[No Variations]"
Add component (AddParameter): Name = "封装"; Value = "0402"; VariantName = "[No Variations]"
Add component (AddParameter): Name = "规格"; Value = "±10% 25V"; VariantName = "[No Variations]"
Added Component: Designator=C23(LC-0603_C(普通电容))
Add component. Clean all parameters for all variants
Add component (AddParameter): Name = "值"; Value = "1UF"; VariantName = "[No Variations]"
Add component (AddParameter): Name = "名称"; Value = "贴片电容"; VariantName = "[No Variations]"
Add component (AddParameter): Name = "封装"; Value = "0402"; VariantName = "[No Variations]"
Add component (AddParameter): Name = "规格"; Value = "±10% 25V"; VariantName = "[No Variations]"
Added Component: Designator=C24(LC-0603_C(普通电容))
Add component. Clean all parameters for all variants
Add component (AddParameter): Name = "值"; Value = "1UF"; VariantName = "[No Variations]"
Add component (AddParameter): Name = "名称"; Value = "贴片电容"; VariantName = "[No Variations]"
Add component (AddParameter): Name = "封装"; Value = "0402"; VariantName = "[No Variations]"
Add component (AddParameter): Name = "规格"; Value = "±10% 25V"; VariantName = "[No Variations]"
Added Component: Designator=C25(LC-0603_C(普通电容))
Add component. Clean all parameters for all variants
Add component (AddParameter): Name = "LatestRevisionDate"; Value = "29-May-2009"; VariantName = "[No Variations]"
Add component (AddParameter): Name = "LatestRevisionNote"; Value = "IPC-7351 Footprint Added."; VariantName = "[No Variations]"
Add component (AddParameter): Name = "PackageDescription"; Value = "Chip Capacitor"; VariantName = "[No Variations]"
Add component (AddParameter): Name = "PackageReference"; Value = "C1206"; VariantName = "[No Variations]"
Add component (AddParameter): Name = "Published"; Value = "8-Jun-2000"; VariantName = "[No Variations]"
Add component (AddParameter): Name = "Publisher"; Value = "Altium Limited"; VariantName = "[No Variations]"
Add component (AddParameter): Name = "Value"; Value = "0.1uF"; VariantName = "[No Variations]"
Added Component: Designator=C26(LC-0603_C(普通电容))
Add component. Clean all parameters for all variants
Add component (AddParameter): Name = "LatestRevisionDate"; Value = "29-May-2009"; VariantName = "[No Variations]"
Add component (AddParameter): Name = "LatestRevisionNote"; Value = "IPC-7351 Footprint Added."; VariantName = "[No Variations]"
Add component (AddParameter): Name = "PackageDescription"; Value = "Chip Capacitor"; VariantName = "[No Variations]"
Add component (AddParameter): Name = "PackageReference"; Value = "C1206"; VariantName = "[No Variations]"
Add component (AddParameter): Name = "Published"; Value = "8-Jun-2000"; VariantName = "[No Variations]"
Add component (AddParameter): Name = "Publisher"; Value = "Altium Limited"; VariantName = "[No Variations]"
Add component (AddParameter): Name = "值"; Value = "12pF"; VariantName = "[No Variations]"
Add component (AddParameter): Name = "名称"; Value = "电容"; VariantName = "[No Variations]"
Added Component: Designator=C27(LC-0603_C(普通电容))
Add component. Clean all parameters for all variants
Add component (AddParameter): Name = "LatestRevisionDate"; Value = "29-May-2009"; VariantName = "[No Variations]"
Add component (AddParameter): Name = "LatestRevisionNote"; Value = "IPC-7351 Footprint Added."; VariantName = "[No Variations]"
Add component (AddParameter): Name = "PackageDescription"; Value = "Chip Capacitor"; VariantName = "[No Variations]"
Add component (AddParameter): Name = "PackageReference"; Value = "C1206"; VariantName = "[No Variations]"
Add component (AddParameter): Name = "Published"; Value = "8-Jun-2000"; VariantName = "[No Variations]"
Add component (AddParameter): Name = "Publisher"; Value = "Altium Limited"; VariantName = "[No Variations]"
Add component (AddParameter): Name = "Value"; Value = "6pF"; VariantName = "[No Variations]"
Added Component: Designator=C28(LC-0603_C(普通电容))
Add component. Clean all parameters for all variants
Add component (AddParameter): Name = "LatestRevisionDate"; Value = "29-May-2009"; VariantName = "[No Variations]"
Add component (AddParameter): Name = "LatestRevisionNote"; Value = "IPC-7351 Footprint Added."; VariantName = "[No Variations]"
Add component (AddParameter): Name = "PackageDescription"; Value = "Chip Capacitor"; VariantName = "[No Variations]"
Add component (AddParameter): Name = "PackageReference"; Value = "C1206"; VariantName = "[No Variations]"
Add component (AddParameter): Name = "Published"; Value = "8-Jun-2000"; VariantName = "[No Variations]"
Add component (AddParameter): Name = "Publisher"; Value = "Altium Limited"; VariantName = "[No Variations]"
Add component (AddParameter): Name = "值"; Value = "6pF"; VariantName = "[No Variations]"
Add component (AddParameter): Name = "名称"; Value = "电阻"; VariantName = "[No Variations]"
Added Component: Designator=C29(LC-0603_C(普通电容))
Add component. Clean all parameters for all variants
Add component (AddParameter): Name = "LatestRevisionDate"; Value = "29-May-2009"; VariantName = "[No Variations]"
Add component (AddParameter): Name = "LatestRevisionNote"; Value = "IPC-7351 Footprint Added."; VariantName = "[No Variations]"
Add component (AddParameter): Name = "PackageDescription"; Value = "Chip Capacitor"; VariantName = "[No Variations]"
Add component (AddParameter): Name = "PackageReference"; Value = "C1206"; VariantName = "[No Variations]"
Add component (AddParameter): Name = "Published"; Value = "8-Jun-2000"; VariantName = "[No Variations]"
Add component (AddParameter): Name = "Publisher"; Value = "Altium Limited"; VariantName = "[No Variations]"
Add component (AddParameter): Name = "值"; Value = "12pF"; VariantName = "[No Variations]"
Add component (AddParameter): Name = "名称"; Value = "电容"; VariantName = "[No Variations]"
Added Component: Designator=D1(1N4007)
Add component. Clean all parameters for all variants
Add component (AddParameter): Name = "名称"; Value = "1N4007(SK)"; VariantName = "[No Variations]"
Add component (AddParameter): Name = "封装"; Value = "SMA(DO-214AC)-S1"; VariantName = "[No Variations]"
Add component (AddParameter): Name = "立创商城编号"; Value = "C126233"; VariantName = "[No Variations]"
Add component (AddParameter): Name = "规格"; Value = "M7 编带"; VariantName = "[No Variations]"
Added Component: Designator=D2(1N4007)
Add component. Clean all parameters for all variants
Add component (AddParameter): Name = "名称"; Value = "贴片二极管（SK）"; VariantName = "[No Variations]"
Add component (AddParameter): Name = "封装"; Value = "SMA(DO-214AC)-S1"; VariantName = "[No Variations]"
Add component (AddParameter): Name = "立创商城编号"; Value = "常用"; VariantName = "[No Variations]"
Add component (AddParameter): Name = "规格"; Value = "M7 编带"; VariantName = "[No Variations]"
Added Component: Designator=D3(LED0603)
Add component. Clean all parameters for all variants
Add component (AddParameter): Name = "值"; Value = ""; VariantName = "[No Variations]"
Add component (AddParameter): Name = "名称"; Value = "LED灯"; VariantName = "[No Variations]"
Add component (AddParameter): Name = "封装"; Value = "0603"; VariantName = "[No Variations]"
Add component (AddParameter): Name = "规格"; Value = "RED"; VariantName = "[No Variations]"
Added Component: Designator=D4(US1J二极管LC-SMA(DO-214AC)_S1)
Add component. Clean all parameters for all variants
Add component (AddParameter): Name = "ComponentLink1Description"; Value = "Manufacturer Link"; VariantName = "[No Variations]"
Add component (AddParameter): Name = "ComponentLink1URL"; Value = "http://www.irf.com/"; VariantName = "[No Variations]"
Add component (AddParameter): Name = "DatasheetDocument"; Value = "Aug-1984"; VariantName = "[No Variations]"
Add component (AddParameter): Name = "LatestRevisionDate"; Value = "17-Jul-2002"; VariantName = "[No Variations]"
Add component (AddParameter): Name = "LatestRevisionNote"; Value = "Re-released for DXP Platform."; VariantName = "[No Variations]"
Add component (AddParameter): Name = "PackageReference"; Value = "DO-201AD"; VariantName = "[No Variations]"
Add component (AddParameter): Name = "Published"; Value = "8-Jun-2000"; VariantName = "[No Variations]"
Add component (AddParameter): Name = "Publisher"; Value = "Altium Limited"; VariantName = "[No Variations]"
Add component (AddParameter): Name = "立创商城编号"; Value = "C86560"; VariantName = "[No Variations]"
Added Component: Designator=D5(发光二极管(CASE-B_3528国星光电))
Add component. Clean all parameters for all variants
Add component (AddParameter): Name = "名称"; Value = "发光二极管"; VariantName = "[No Variations]"
Add component (AddParameter): Name = "封装"; Value = "CASE-B_3528"; VariantName = "[No Variations]"
Add component (AddParameter): Name = "立创商城编号"; Value = "C85318"; VariantName = "[No Variations]"
Add component (AddParameter): Name = "规格"; Value = "红色 贴片LED (280-350mcd) 编带"; VariantName = "[No Variations]"
Added Component: Designator=F1(FUSE_BASE)
Add component. Clean all parameters for all variants
Add component (AddParameter): Name = "名称"; Value = "保险丝夹/座"; VariantName = "[No Variations]"
Add component (AddParameter): Name = "封装"; Value = ""; VariantName = "[No Variations]"
Add component (AddParameter): Name = "立创商城编号"; Value = "C3130（座）C13567(保险丝)"; VariantName = "[No Variations]"
Add component (AddParameter): Name = "规格"; Value = "20A，250V，黄铜镀锡(镀镍)"; VariantName = "[No Variations]"
Added Component: Designator=J1(3.81-3P(接线端子))
Add component. Clean all parameters for all variants
Add component (AddParameter): Name = "立创商城编号"; Value = "C36780"; VariantName = "[No Variations]"
Added Component: Designator=J2(3.81-3P(接线端子))
Add component. Clean all parameters for all variants
Add component (AddParameter): Name = "立创商城编号"; Value = "C36780"; VariantName = "[No Variations]"
Added Component: Designator=J3(Header2*3 2.54mm)
Add component. Clean all parameters for all variants
Added Component: Designator=J4(Header1*2 2.54mm)
Add component. Clean all parameters for all variants
Added Component: Designator=J5(Header1*2 2.54mm)
Add component. Clean all parameters for all variants
Added Component: Designator=L1(L-10X14(电感))
Add component. Clean all parameters for all variants
Add component (AddParameter): Name = "AtherosDescription"; Value = "IND,SMT,SHIELDING CHOKE,10uH,7.3x7.3"; VariantName = "[No Variations]"
Add component (AddParameter): Name = "ATHEROS KEY"; Value = "078-100LM-000"; VariantName = "[No Variations]"
Add component (AddParameter): Name = "CISPartType"; Value = "Inductor\Ferrite"; VariantName = "[No Variations]"
Add component (AddParameter): Name = "OriginalSymbolOrigin"; Value = "(0,0)"; VariantName = "[No Variations]"
Add component (AddParameter): Name = "立创商城编号"; Value = "C72626"; VariantName = "[No Variations]"
Added Component: Designator=L2(电感(L0603))
Add component. Clean all parameters for all variants
Add component (AddParameter): Name = "值"; Value = "4.7UH"; VariantName = "[No Variations]"
Add component (AddParameter): Name = "名称"; Value = "电感"; VariantName = "[No Variations]"
Add component (AddParameter): Name = "封装"; Value = "0603"; VariantName = "[No Variations]"
Add component (AddParameter): Name = "规格"; Value = ""; VariantName = "[No Variations]"
Added Component: Designator=LS1(BEEP)
Add component. Clean all parameters for all variants
Add component (AddParameter): Name = "值"; Value = ""; VariantName = "[No Variations]"
Add component (AddParameter): Name = "名称"; Value = "蜂鸣器"; VariantName = "[No Variations]"
Add component (AddParameter): Name = "封装"; Value = "RB5-9"; VariantName = "[No Variations]"
Add component (AddParameter): Name = "规格"; Value = ""; VariantName = "[No Variations]"
Added Component: Designator=MOS1(MOS(SOP-23美微科))
Add component. Clean all parameters for all variants
Add component (AddParameter): Name = "名称"; Value = "MOS(场效应管)(美微科)"; VariantName = "[No Variations]"
Add component (AddParameter): Name = "封装"; Value = "SOT-23(SOT-23-3)"; VariantName = "[No Variations]"
Add component (AddParameter): Name = "立创商城编号"; Value = "C77977"; VariantName = "[No Variations]"
Add component (AddParameter): Name = "规格"; Value = "SI2302-TP 编带"; VariantName = "[No Variations]"
Added Component: Designator=P1(Header2*3 2.54mm)
Add component. Clean all parameters for all variants
Add component (AddParameter): Name = "LatestRevisionDate"; Value = "17-Jul-2002"; VariantName = "[No Variations]"
Add component (AddParameter): Name = "LatestRevisionNote"; Value = "Re-released for DXP Platform."; VariantName = "[No Variations]"
Add component (AddParameter): Name = "Publisher"; Value = "Altium Limited"; VariantName = "[No Variations]"
Added Component: Designator=P2(Header1*4 2.54MM)
Add component. Clean all parameters for all variants
Added Component: Designator=P3(Header1*3 2.54mm)
Add component. Clean all parameters for all variants
Added Component: Designator=P4(Header1*2 2.54mm)
Add component. Clean all parameters for all variants
Add component (AddParameter): Name = "值"; Value = ""; VariantName = "[No Variations]"
Add component (AddParameter): Name = "名称"; Value = "单排排针"; VariantName = "[No Variations]"
Add component (AddParameter): Name = "封装"; Value = "HDR1X2"; VariantName = "[No Variations]"
Add component (AddParameter): Name = "规格"; Value = "2.54mmX0.55mm"; VariantName = "[No Variations]"
Added Component: Designator=P5(Header1*2 2.54mm)
Add component. Clean all parameters for all variants
Add component (AddParameter): Name = "值"; Value = ""; VariantName = "[No Variations]"
Add component (AddParameter): Name = "名称"; Value = "单排排针"; VariantName = "[No Variations]"
Add component (AddParameter): Name = "封装"; Value = "HDR1X2"; VariantName = "[No Variations]"
Add component (AddParameter): Name = "规格"; Value = "2.54mmX0.55mm"; VariantName = "[No Variations]"
Added Component: Designator=P6(Header1*3 2.54mm)
Add component. Clean all parameters for all variants
Added Component: Designator=Q1(SOP-23(NPN江苏长电))
Add component. Clean all parameters for all variants
Add component (AddParameter): Name = "名称"; Value = "三极管(S8050)长苏长电"; VariantName = "[No Variations]"
Add component (AddParameter): Name = "封装"; Value = "SOT-23(SOT-23-3)"; VariantName = "[No Variations]"
Add component (AddParameter): Name = "立创商城编号"; Value = "C105433"; VariantName = "[No Variations]"
Add component (AddParameter): Name = "规格"; Value = "L档120-200 编带"; VariantName = "[No Variations]"
Added Component: Designator=R1(炭膜电阻)
Add component. Clean all parameters for all variants
Add component (AddParameter): Name = "厂商"; Value = ""; VariantName = "[No Variations]"
Add component (AddParameter): Name = "名称"; Value = "电阻"; VariantName = "[No Variations]"
Add component (AddParameter): Name = "封装"; Value = "39Ω/1W"; VariantName = "[No Variations]"
Add component (AddParameter): Name = "立创商城编号"; Value = "C65614"; VariantName = "[No Variations]"
Add component (AddParameter): Name = "规格"; Value = ""; VariantName = "[No Variations]"
Added Component: Designator=R2(LC-0603_R(电阻))
Add component. Clean all parameters for all variants
Add component (AddParameter): Name = "厂商"; Value = ""; VariantName = "[No Variations]"
Add component (AddParameter): Name = "名称"; Value = "电阻"; VariantName = "[No Variations]"
Add component (AddParameter): Name = "型号"; Value = "1KΩ"; VariantName = "[No Variations]"
Add component (AddParameter): Name = "封装"; Value = ""; VariantName = "[No Variations]"
Add component (AddParameter): Name = "立创商城编号"; Value = "C23069"; VariantName = "[No Variations]"
Added Component: Designator=R3(LC-0603_R(电阻))
Add component. Clean all parameters for all variants
Add component (AddParameter): Name = "LatestRevisionDate"; Value = "17-Jul-2002"; VariantName = "[No Variations]"
Add component (AddParameter): Name = "LatestRevisionNote"; Value = "Re-released for DXP Platform."; VariantName = "[No Variations]"
Add component (AddParameter): Name = "PackageDescription"; Value = "Axial Device, Thru-Hole; 2 Leads; 0.4 in Pin Spacing"; VariantName = "[No Variations]"
Add component (AddParameter): Name = "PackageReference"; Value = "AXIAL-0.4"; VariantName = "[No Variations]"
Add component (AddParameter): Name = "Published"; Value = "8-Jun-2000"; VariantName = "[No Variations]"
Add component (AddParameter): Name = "Publisher"; Value = "Altium Limited"; VariantName = "[No Variations]"
Add component (AddParameter): Name = "Value"; Value = "1K"; VariantName = "[No Variations]"
Added Component: Designator=R4(LC-0603_R(电阻))
Add component. Clean all parameters for all variants
Added Component: Designator=R5(LC-0603_R(电阻))
Add component. Clean all parameters for all variants
Add component (AddParameter): Name = "厂商"; Value = ""; VariantName = "[No Variations]"
Add component (AddParameter): Name = "名称"; Value = "电阻"; VariantName = "[No Variations]"
Add component (AddParameter): Name = "型号"; Value = "1KΩ"; VariantName = "[No Variations]"
Add component (AddParameter): Name = "封装"; Value = ""; VariantName = "[No Variations]"
Add component (AddParameter): Name = "立创商城编号"; Value = "C23046"; VariantName = "[No Variations]"
Added Component: Designator=R6(LC-0805_R)
Add component. Clean all parameters for all variants
Add component (AddParameter): Name = "厂商"; Value = ""; VariantName = "[No Variations]"
Add component (AddParameter): Name = "名称"; Value = "电阻"; VariantName = "[No Variations]"
Add component (AddParameter): Name = "型号"; Value = "1KΩ"; VariantName = "[No Variations]"
Add component (AddParameter): Name = "封装"; Value = ""; VariantName = "[No Variations]"
Add component (AddParameter): Name = "立创商城编号"; Value = "C17513"; VariantName = "[No Variations]"
Added Component: Designator=R7(LC-0805_R)
Add component. Clean all parameters for all variants
Add component (AddParameter): Name = "厂商"; Value = ""; VariantName = "[No Variations]"
Add component (AddParameter): Name = "名称"; Value = "电阻"; VariantName = "[No Variations]"
Add component (AddParameter): Name = "型号"; Value = "1KΩ"; VariantName = "[No Variations]"
Add component (AddParameter): Name = "封装"; Value = ""; VariantName = "[No Variations]"
Add component (AddParameter): Name = "立创商城编号"; Value = "C17513"; VariantName = "[No Variations]"
Added Component: Designator=R8(R2512猛铜电阻)
Add component. Clean all parameters for all variants
Add component (AddParameter): Name = "厂商"; Value = ""; VariantName = "[No Variations]"
Add component (AddParameter): Name = "名称"; Value = "电阻"; VariantName = "[No Variations]"
Add component (AddParameter): Name = "型号"; Value = "1KΩ"; VariantName = "[No Variations]"
Add component (AddParameter): Name = "封装"; Value = ""; VariantName = "[No Variations]"
Added Component: Designator=R9(LC-0805_R)
Add component. Clean all parameters for all variants
Add component (AddParameter): Name = "厂商"; Value = ""; VariantName = "[No Variations]"
Add component (AddParameter): Name = "名称"; Value = "电阻"; VariantName = "[No Variations]"
Add component (AddParameter): Name = "型号"; Value = "1KΩ"; VariantName = "[No Variations]"
Add component (AddParameter): Name = "封装"; Value = ""; VariantName = "[No Variations]"
Add component (AddParameter): Name = "立创商城编号"; Value = "C17513"; VariantName = "[No Variations]"
Added Component: Designator=R10(LC-0805_R)
Add component. Clean all parameters for all variants
Add component (AddParameter): Name = "厂商"; Value = ""; VariantName = "[No Variations]"
Add component (AddParameter): Name = "名称"; Value = "电阻"; VariantName = "[No Variations]"
Add component (AddParameter): Name = "型号"; Value = "1KΩ"; VariantName = "[No Variations]"
Add component (AddParameter): Name = "封装"; Value = ""; VariantName = "[No Variations]"
Add component (AddParameter): Name = "立创商城编号"; Value = "C17709"; VariantName = "[No Variations]"
Added Component: Designator=R11(LC-0805_R)
Add component. Clean all parameters for all variants
Add component (AddParameter): Name = "厂商"; Value = ""; VariantName = "[No Variations]"
Add component (AddParameter): Name = "名称"; Value = "电阻"; VariantName = "[No Variations]"
Add component (AddParameter): Name = "型号"; Value = "1KΩ"; VariantName = "[No Variations]"
Add component (AddParameter): Name = "封装"; Value = ""; VariantName = "[No Variations]"
Add component (AddParameter): Name = "立创商城编号"; Value = "C17709"; VariantName = "[No Variations]"
Added Component: Designator=R12(LC-0805_R)
Add component. Clean all parameters for all variants
Add component (AddParameter): Name = "厂商"; Value = ""; VariantName = "[No Variations]"
Add component (AddParameter): Name = "名称"; Value = "电阻"; VariantName = "[No Variations]"
Add component (AddParameter): Name = "型号"; Value = "1KΩ"; VariantName = "[No Variations]"
Add component (AddParameter): Name = "封装"; Value = ""; VariantName = "[No Variations]"
Add component (AddParameter): Name = "立创商城编号"; Value = "C17709"; VariantName = "[No Variations]"
Added Component: Designator=R13(LC-0805_R)
Add component. Clean all parameters for all variants
Add component (AddParameter): Name = "厂商"; Value = ""; VariantName = "[No Variations]"
Add component (AddParameter): Name = "名称"; Value = "电阻"; VariantName = "[No Variations]"
Add component (AddParameter): Name = "型号"; Value = "1KΩ"; VariantName = "[No Variations]"
Add component (AddParameter): Name = "封装"; Value = ""; VariantName = "[No Variations]"
Add component (AddParameter): Name = "立创商城编号"; Value = "C17709"; VariantName = "[No Variations]"
Added Component: Designator=R14(LC-0805_R)
Add component. Clean all parameters for all variants
Add component (AddParameter): Name = "厂商"; Value = ""; VariantName = "[No Variations]"
Add component (AddParameter): Name = "名称"; Value = "电阻"; VariantName = "[No Variations]"
Add component (AddParameter): Name = "型号"; Value = "1KΩ"; VariantName = "[No Variations]"
Add component (AddParameter): Name = "封装"; Value = ""; VariantName = "[No Variations]"
Add component (AddParameter): Name = "立创商城编号"; Value = "C17513"; VariantName = "[No Variations]"
Added Component: Designator=R15(LC-0603_R(电阻))
Add component. Clean all parameters for all variants
Add component (AddParameter): Name = "LatestRevisionDate"; Value = "17-Jul-2002"; VariantName = "[No Variations]"
Add component (AddParameter): Name = "LatestRevisionNote"; Value = "Re-released for DXP Platform."; VariantName = "[No Variations]"
Add component (AddParameter): Name = "PackageDescription"; Value = "Axial Device, Thru-Hole; 2 Leads; 0.4 in Pin Spacing"; VariantName = "[No Variations]"
Add component (AddParameter): Name = "PackageReference"; Value = "AXIAL-0.4"; VariantName = "[No Variations]"
Add component (AddParameter): Name = "Published"; Value = "8-Jun-2000"; VariantName = "[No Variations]"
Add component (AddParameter): Name = "Publisher"; Value = "Altium Limited"; VariantName = "[No Variations]"
Add component (AddParameter): Name = "Value"; Value = "10K"; VariantName = "[No Variations]"
Added Component: Designator=R16(LC-0603_R(电阻))
Add component. Clean all parameters for all variants
Add component (AddParameter): Name = "LatestRevisionDate"; Value = "17-Jul-2002"; VariantName = "[No Variations]"
Add component (AddParameter): Name = "LatestRevisionNote"; Value = "Re-released for DXP Platform."; VariantName = "[No Variations]"
Add component (AddParameter): Name = "PackageDescription"; Value = "Axial Device, Thru-Hole; 2 Leads; 0.4 in Pin Spacing"; VariantName = "[No Variations]"
Add component (AddParameter): Name = "PackageReference"; Value = "AXIAL-0.4"; VariantName = "[No Variations]"
Add component (AddParameter): Name = "Published"; Value = "8-Jun-2000"; VariantName = "[No Variations]"
Add component (AddParameter): Name = "Publisher"; Value = "Altium Limited"; VariantName = "[No Variations]"
Add component (AddParameter): Name = "Value"; Value = "10K"; VariantName = "[No Variations]"
Added Component: Designator=R17(LC-0603_R(电阻))
Add component. Clean all parameters for all variants
Add component (AddParameter): Name = "LatestRevisionDate"; Value = "17-Jul-2002"; VariantName = "[No Variations]"
Add component (AddParameter): Name = "LatestRevisionNote"; Value = "Re-released for DXP Platform."; VariantName = "[No Variations]"
Add component (AddParameter): Name = "PackageDescription"; Value = "Axial Device, Thru-Hole; 2 Leads; 0.4 in Pin Spacing"; VariantName = "[No Variations]"
Add component (AddParameter): Name = "PackageReference"; Value = "AXIAL-0.4"; VariantName = "[No Variations]"
Add component (AddParameter): Name = "Published"; Value = "8-Jun-2000"; VariantName = "[No Variations]"
Add component (AddParameter): Name = "Publisher"; Value = "Altium Limited"; VariantName = "[No Variations]"
Add component (AddParameter): Name = "Value"; Value = "0R"; VariantName = "[No Variations]"
Added Component: Designator=R18(LC-0603_R(电阻))
Add component. Clean all parameters for all variants
Add component (AddParameter): Name = "LatestRevisionDate"; Value = "17-Jul-2002"; VariantName = "[No Variations]"
Add component (AddParameter): Name = "LatestRevisionNote"; Value = "Re-released for DXP Platform."; VariantName = "[No Variations]"
Add component (AddParameter): Name = "PackageDescription"; Value = "Axial Device, Thru-Hole; 2 Leads; 0.4 in Pin Spacing"; VariantName = "[No Variations]"
Add component (AddParameter): Name = "PackageReference"; Value = "AXIAL-0.4"; VariantName = "[No Variations]"
Add component (AddParameter): Name = "Published"; Value = "8-Jun-2000"; VariantName = "[No Variations]"
Add component (AddParameter): Name = "Publisher"; Value = "Altium Limited"; VariantName = "[No Variations]"
Add component (AddParameter): Name = "Value"; Value = "1K"; VariantName = "[No Variations]"
Added Component: Designator=R19(LC-0603_R(电阻))
Add component. Clean all parameters for all variants
Add component (AddParameter): Name = "LatestRevisionDate"; Value = "17-Jul-2002"; VariantName = "[No Variations]"
Add component (AddParameter): Name = "LatestRevisionNote"; Value = "Re-released for DXP Platform."; VariantName = "[No Variations]"
Add component (AddParameter): Name = "PackageDescription"; Value = "Axial Device, Thru-Hole; 2 Leads; 0.4 in Pin Spacing"; VariantName = "[No Variations]"
Add component (AddParameter): Name = "PackageReference"; Value = "AXIAL-0.4"; VariantName = "[No Variations]"
Add component (AddParameter): Name = "Published"; Value = "8-Jun-2000"; VariantName = "[No Variations]"
Add component (AddParameter): Name = "Publisher"; Value = "Altium Limited"; VariantName = "[No Variations]"
Add component (AddParameter): Name = "Value"; Value = "10K"; VariantName = "[No Variations]"
Added Component: Designator=R20(LC-0603_R(电阻))
Add component. Clean all parameters for all variants
Add component (AddParameter): Name = "LatestRevisionDate"; Value = "17-Jul-2002"; VariantName = "[No Variations]"
Add component (AddParameter): Name = "LatestRevisionNote"; Value = "Re-released for DXP Platform."; VariantName = "[No Variations]"
Add component (AddParameter): Name = "PackageDescription"; Value = "Axial Device, Thru-Hole; 2 Leads; 0.4 in Pin Spacing"; VariantName = "[No Variations]"
Add component (AddParameter): Name = "PackageReference"; Value = "AXIAL-0.4"; VariantName = "[No Variations]"
Add component (AddParameter): Name = "Published"; Value = "8-Jun-2000"; VariantName = "[No Variations]"
Add component (AddParameter): Name = "Publisher"; Value = "Altium Limited"; VariantName = "[No Variations]"
Add component (AddParameter): Name = "Value"; Value = "10K"; VariantName = "[No Variations]"
Added Component: Designator=R21(LC-0603_R(电阻))
Add component. Clean all parameters for all variants
Add component (AddParameter): Name = "LatestRevisionDate"; Value = "17-Jul-2002"; VariantName = "[No Variations]"
Add component (AddParameter): Name = "LatestRevisionNote"; Value = "Re-released for DXP Platform."; VariantName = "[No Variations]"
Add component (AddParameter): Name = "PackageDescription"; Value = "Axial Device, Thru-Hole; 2 Leads; 0.4 in Pin Spacing"; VariantName = "[No Variations]"
Add component (AddParameter): Name = "PackageReference"; Value = "AXIAL-0.4"; VariantName = "[No Variations]"
Add component (AddParameter): Name = "Published"; Value = "8-Jun-2000"; VariantName = "[No Variations]"
Add component (AddParameter): Name = "Publisher"; Value = "Altium Limited"; VariantName = "[No Variations]"
Add component (AddParameter): Name = "Value"; Value = "10K"; VariantName = "[No Variations]"
Added Component: Designator=R22(LC-0603_R(电阻))
Add component. Clean all parameters for all variants
Add component (AddParameter): Name = "LatestRevisionDate"; Value = "17-Jul-2002"; VariantName = "[No Variations]"
Add component (AddParameter): Name = "LatestRevisionNote"; Value = "Re-released for DXP Platform."; VariantName = "[No Variations]"
Add component (AddParameter): Name = "PackageDescription"; Value = "Axial Device, Thru-Hole; 2 Leads; 0.4 in Pin Spacing"; VariantName = "[No Variations]"
Add component (AddParameter): Name = "PackageReference"; Value = "AXIAL-0.4"; VariantName = "[No Variations]"
Add component (AddParameter): Name = "Published"; Value = "8-Jun-2000"; VariantName = "[No Variations]"
Add component (AddParameter): Name = "Publisher"; Value = "Altium Limited"; VariantName = "[No Variations]"
Add component (AddParameter): Name = "Value"; Value = "10K"; VariantName = "[No Variations]"
Added Component: Designator=R23(LC-0603_R(电阻))
Add component. Clean all parameters for all variants
Add component (AddParameter): Name = "LatestRevisionDate"; Value = "17-Jul-2002"; VariantName = "[No Variations]"
Add component (AddParameter): Name = "LatestRevisionNote"; Value = "Re-released for DXP Platform."; VariantName = "[No Variations]"
Add component (AddParameter): Name = "PackageDescription"; Value = "Axial Device, Thru-Hole; 2 Leads; 0.4 in Pin Spacing"; VariantName = "[No Variations]"
Add component (AddParameter): Name = "PackageReference"; Value = "AXIAL-0.4"; VariantName = "[No Variations]"
Add component (AddParameter): Name = "Published"; Value = "8-Jun-2000"; VariantName = "[No Variations]"
Add component (AddParameter): Name = "Publisher"; Value = "Altium Limited"; VariantName = "[No Variations]"
Add component (AddParameter): Name = "Value"; Value = "10K"; VariantName = "[No Variations]"
Added Component: Designator=R24(LC-0603_R(电阻))
Add component. Clean all parameters for all variants
Add component (AddParameter): Name = "LatestRevisionDate"; Value = "17-Jul-2002"; VariantName = "[No Variations]"
Add component (AddParameter): Name = "LatestRevisionNote"; Value = "Re-released for DXP Platform."; VariantName = "[No Variations]"
Add component (AddParameter): Name = "PackageDescription"; Value = "Axial Device, Thru-Hole; 2 Leads; 0.4 in Pin Spacing"; VariantName = "[No Variations]"
Add component (AddParameter): Name = "PackageReference"; Value = "AXIAL-0.4"; VariantName = "[No Variations]"
Add component (AddParameter): Name = "Published"; Value = "8-Jun-2000"; VariantName = "[No Variations]"
Add component (AddParameter): Name = "Publisher"; Value = "Altium Limited"; VariantName = "[No Variations]"
Add component (AddParameter): Name = "Value"; Value = "10K"; VariantName = "[No Variations]"
Added Component: Designator=R25(LC-0603_R(电阻))
Add component. Clean all parameters for all variants
Add component (AddParameter): Name = "LatestRevisionDate"; Value = "17-Jul-2002"; VariantName = "[No Variations]"
Add component (AddParameter): Name = "LatestRevisionNote"; Value = "Re-released for DXP Platform."; VariantName = "[No Variations]"
Add component (AddParameter): Name = "PackageDescription"; Value = "Axial Device, Thru-Hole; 2 Leads; 0.4 in Pin Spacing"; VariantName = "[No Variations]"
Add component (AddParameter): Name = "PackageReference"; Value = "AXIAL-0.4"; VariantName = "[No Variations]"
Add component (AddParameter): Name = "Published"; Value = "8-Jun-2000"; VariantName = "[No Variations]"
Add component (AddParameter): Name = "Publisher"; Value = "Altium Limited"; VariantName = "[No Variations]"
Add component (AddParameter): Name = "Value"; Value = "10K"; VariantName = "[No Variations]"
Added Component: Designator=R26(LC-0603_R(电阻))
Add component. Clean all parameters for all variants
Add component (AddParameter): Name = "LatestRevisionDate"; Value = "17-Jul-2002"; VariantName = "[No Variations]"
Add component (AddParameter): Name = "LatestRevisionNote"; Value = "Re-released for DXP Platform."; VariantName = "[No Variations]"
Add component (AddParameter): Name = "PackageDescription"; Value = "Axial Device, Thru-Hole; 2 Leads; 0.4 in Pin Spacing"; VariantName = "[No Variations]"
Add component (AddParameter): Name = "PackageReference"; Value = "AXIAL-0.4"; VariantName = "[No Variations]"
Add component (AddParameter): Name = "Published"; Value = "8-Jun-2000"; VariantName = "[No Variations]"
Add component (AddParameter): Name = "Publisher"; Value = "Altium Limited"; VariantName = "[No Variations]"
Add component (AddParameter): Name = "Value"; Value = "10K"; VariantName = "[No Variations]"
Added Component: Designator=R27(LC-0603_R(电阻))
Add component. Clean all parameters for all variants
Add component (AddParameter): Name = "LatestRevisionDate"; Value = "17-Jul-2002"; VariantName = "[No Variations]"
Add component (AddParameter): Name = "LatestRevisionNote"; Value = "Re-released for DXP Platform."; VariantName = "[No Variations]"
Add component (AddParameter): Name = "PackageDescription"; Value = "Axial Device, Thru-Hole; 2 Leads; 0.4 in Pin Spacing"; VariantName = "[No Variations]"
Add component (AddParameter): Name = "PackageReference"; Value = "AXIAL-0.4"; VariantName = "[No Variations]"
Add component (AddParameter): Name = "Published"; Value = "8-Jun-2000"; VariantName = "[No Variations]"
Add component (AddParameter): Name = "Publisher"; Value = "Altium Limited"; VariantName = "[No Variations]"
Add component (AddParameter): Name = "Value"; Value = "100R"; VariantName = "[No Variations]"
Added Component: Designator=R28(LC-0603_R(电阻))
Add component. Clean all parameters for all variants
Add component (AddParameter): Name = "LatestRevisionDate"; Value = "17-Jul-2002"; VariantName = "[No Variations]"
Add component (AddParameter): Name = "LatestRevisionNote"; Value = "Re-released for DXP Platform."; VariantName = "[No Variations]"
Add component (AddParameter): Name = "PackageDescription"; Value = "Axial Device, Thru-Hole; 2 Leads; 0.4 in Pin Spacing"; VariantName = "[No Variations]"
Add component (AddParameter): Name = "PackageReference"; Value = "AXIAL-0.4"; VariantName = "[No Variations]"
Add component (AddParameter): Name = "Published"; Value = "8-Jun-2000"; VariantName = "[No Variations]"
Add component (AddParameter): Name = "Publisher"; Value = "Altium Limited"; VariantName = "[No Variations]"
Add component (AddParameter): Name = "Value"; Value = "100R"; VariantName = "[No Variations]"
Added Component: Designator=R29(LC-0603_R(电阻))
Add component. Clean all parameters for all variants
Add component (AddParameter): Name = "LatestRevisionDate"; Value = "17-Jul-2002"; VariantName = "[No Variations]"
Add component (AddParameter): Name = "LatestRevisionNote"; Value = "Re-released for DXP Platform."; VariantName = "[No Variations]"
Add component (AddParameter): Name = "PackageDescription"; Value = "Axial Device, Thru-Hole; 2 Leads; 0.4 in Pin Spacing"; VariantName = "[No Variations]"
Add component (AddParameter): Name = "PackageReference"; Value = "AXIAL-0.4"; VariantName = "[No Variations]"
Add component (AddParameter): Name = "Published"; Value = "8-Jun-2000"; VariantName = "[No Variations]"
Add component (AddParameter): Name = "Publisher"; Value = "Altium Limited"; VariantName = "[No Variations]"
Add component (AddParameter): Name = "Value"; Value = "100R"; VariantName = "[No Variations]"
Added Component: Designator=R30(LC-0603_R(电阻))
Add component. Clean all parameters for all variants
Add component (AddParameter): Name = "LatestRevisionDate"; Value = "17-Jul-2002"; VariantName = "[No Variations]"
Add component (AddParameter): Name = "LatestRevisionNote"; Value = "Re-released for DXP Platform."; VariantName = "[No Variations]"
Add component (AddParameter): Name = "PackageDescription"; Value = "Axial Device, Thru-Hole; 2 Leads; 0.4 in Pin Spacing"; VariantName = "[No Variations]"
Add component (AddParameter): Name = "PackageReference"; Value = "AXIAL-0.4"; VariantName = "[No Variations]"
Add component (AddParameter): Name = "Published"; Value = "8-Jun-2000"; VariantName = "[No Variations]"
Add component (AddParameter): Name = "Publisher"; Value = "Altium Limited"; VariantName = "[No Variations]"
Add component (AddParameter): Name = "Value"; Value = "100R"; VariantName = "[No Variations]"
Added Component: Designator=R31(LC-0603_R(电阻))
Add component. Clean all parameters for all variants
Add component (AddParameter): Name = "LatestRevisionDate"; Value = "17-Jul-2002"; VariantName = "[No Variations]"
Add component (AddParameter): Name = "LatestRevisionNote"; Value = "Re-released for DXP Platform."; VariantName = "[No Variations]"
Add component (AddParameter): Name = "PackageDescription"; Value = "Axial Device, Thru-Hole; 2 Leads; 0.4 in Pin Spacing"; VariantName = "[No Variations]"
Add component (AddParameter): Name = "PackageReference"; Value = "AXIAL-0.4"; VariantName = "[No Variations]"
Add component (AddParameter): Name = "Published"; Value = "8-Jun-2000"; VariantName = "[No Variations]"
Add component (AddParameter): Name = "Publisher"; Value = "Altium Limited"; VariantName = "[No Variations]"
Add component (AddParameter): Name = "Value"; Value = "100R"; VariantName = "[No Variations]"
Added Component: Designator=R32(LC-0603_R(电阻))
Add component. Clean all parameters for all variants
Add component (AddParameter): Name = "LatestRevisionDate"; Value = "17-Jul-2002"; VariantName = "[No Variations]"
Add component (AddParameter): Name = "LatestRevisionNote"; Value = "Re-released for DXP Platform."; VariantName = "[No Variations]"
Add component (AddParameter): Name = "PackageDescription"; Value = "Axial Device, Thru-Hole; 2 Leads; 0.4 in Pin Spacing"; VariantName = "[No Variations]"
Add component (AddParameter): Name = "PackageReference"; Value = "AXIAL-0.4"; VariantName = "[No Variations]"
Add component (AddParameter): Name = "Published"; Value = "8-Jun-2000"; VariantName = "[No Variations]"
Add component (AddParameter): Name = "Publisher"; Value = "Altium Limited"; VariantName = "[No Variations]"
Add component (AddParameter): Name = "Value"; Value = "100R"; VariantName = "[No Variations]"
Added Component: Designator=R33(LC-0603_R(电阻))
Add component. Clean all parameters for all variants
Add component (AddParameter): Name = "LatestRevisionDate"; Value = "17-Jul-2002"; VariantName = "[No Variations]"
Add component (AddParameter): Name = "LatestRevisionNote"; Value = "Re-released for DXP Platform."; VariantName = "[No Variations]"
Add component (AddParameter): Name = "PackageDescription"; Value = "Axial Device, Thru-Hole; 2 Leads; 0.4 in Pin Spacing"; VariantName = "[No Variations]"
Add component (AddParameter): Name = "PackageReference"; Value = "AXIAL-0.4"; VariantName = "[No Variations]"
Add component (AddParameter): Name = "Published"; Value = "8-Jun-2000"; VariantName = "[No Variations]"
Add component (AddParameter): Name = "Publisher"; Value = "Altium Limited"; VariantName = "[No Variations]"
Add component (AddParameter): Name = "Value"; Value = "100R"; VariantName = "[No Variations]"
Added Component: Designator=R34(LC-0603_R(电阻))
Add component. Clean all parameters for all variants
Add component (AddParameter): Name = "LatestRevisionDate"; Value = "17-Jul-2002"; VariantName = "[No Variations]"
Add component (AddParameter): Name = "LatestRevisionNote"; Value = "Re-released for DXP Platform."; VariantName = "[No Variations]"
Add component (AddParameter): Name = "PackageDescription"; Value = "Axial Device, Thru-Hole; 2 Leads; 0.4 in Pin Spacing"; VariantName = "[No Variations]"
Add component (AddParameter): Name = "PackageReference"; Value = "AXIAL-0.4"; VariantName = "[No Variations]"
Add component (AddParameter): Name = "Published"; Value = "8-Jun-2000"; VariantName = "[No Variations]"
Add component (AddParameter): Name = "Publisher"; Value = "Altium Limited"; VariantName = "[No Variations]"
Add component (AddParameter): Name = "Value"; Value = "100R"; VariantName = "[No Variations]"
Added Component: Designator=R35(LC-0603_R(电阻))
Add component. Clean all parameters for all variants
Add component (AddParameter): Name = "LatestRevisionDate"; Value = "17-Jul-2002"; VariantName = "[No Variations]"
Add component (AddParameter): Name = "LatestRevisionNote"; Value = "Re-released for DXP Platform."; VariantName = "[No Variations]"
Add component (AddParameter): Name = "PackageDescription"; Value = "Axial Device, Thru-Hole; 2 Leads; 0.4 in Pin Spacing"; VariantName = "[No Variations]"
Add component (AddParameter): Name = "PackageReference"; Value = "AXIAL-0.4"; VariantName = "[No Variations]"
Add component (AddParameter): Name = "Published"; Value = "8-Jun-2000"; VariantName = "[No Variations]"
Add component (AddParameter): Name = "Publisher"; Value = "Altium Limited"; VariantName = "[No Variations]"
Add component (AddParameter): Name = "Value"; Value = "1K"; VariantName = "[No Variations]"
Added Component: Designator=R36(LC-0603_R(电阻))
Add component. Clean all parameters for all variants
Add component (AddParameter): Name = "LatestRevisionDate"; Value = "17-Jul-2002"; VariantName = "[No Variations]"
Add component (AddParameter): Name = "LatestRevisionNote"; Value = "Re-released for DXP Platform."; VariantName = "[No Variations]"
Add component (AddParameter): Name = "PackageDescription"; Value = "Axial Device, Thru-Hole; 2 Leads; 0.4 in Pin Spacing"; VariantName = "[No Variations]"
Add component (AddParameter): Name = "PackageReference"; Value = "AXIAL-0.4"; VariantName = "[No Variations]"
Add component (AddParameter): Name = "Published"; Value = "8-Jun-2000"; VariantName = "[No Variations]"
Add component (AddParameter): Name = "Publisher"; Value = "Altium Limited"; VariantName = "[No Variations]"
Add component (AddParameter): Name = "Value"; Value = "10K"; VariantName = "[No Variations]"
Added Component: Designator=R37(LC-0603_R(电阻))
Add component. Clean all parameters for all variants
Add component (AddParameter): Name = "LatestRevisionDate"; Value = "17-Jul-2002"; VariantName = "[No Variations]"
Add component (AddParameter): Name = "LatestRevisionNote"; Value = "Re-released for DXP Platform."; VariantName = "[No Variations]"
Add component (AddParameter): Name = "PackageDescription"; Value = "Axial Device, Thru-Hole; 2 Leads; 0.4 in Pin Spacing"; VariantName = "[No Variations]"
Add component (AddParameter): Name = "PackageReference"; Value = "AXIAL-0.4"; VariantName = "[No Variations]"
Add component (AddParameter): Name = "Published"; Value = "8-Jun-2000"; VariantName = "[No Variations]"
Add component (AddParameter): Name = "Publisher"; Value = "Altium Limited"; VariantName = "[No Variations]"
Add component (AddParameter): Name = "Value"; Value = "10K"; VariantName = "[No Variations]"
Added Component: Designator=Reset1(key)
Add component. Clean all parameters for all variants
Add component (AddParameter): Name = "LatestRevisionDate"; Value = "17-Jul-2002"; VariantName = "[No Variations]"
Add component (AddParameter): Name = "LatestRevisionNote"; Value = "Re-released for DXP Platform."; VariantName = "[No Variations]"
Add component (AddParameter): Name = "PackageDescription"; Value = "Switch; 2 Leads"; VariantName = "[No Variations]"
Add component (AddParameter): Name = "PackageReference"; Value = "SPST-2"; VariantName = "[No Variations]"
Add component (AddParameter): Name = "Published"; Value = "24-Mar-1999"; VariantName = "[No Variations]"
Add component (AddParameter): Name = "Publisher"; Value = "Altium Limited"; VariantName = "[No Variations]"
Added Component: Designator=S1(key)
Add component. Clean all parameters for all variants
Add component (AddParameter): Name = "LatestRevisionDate"; Value = "17-Jul-2002"; VariantName = "[No Variations]"
Add component (AddParameter): Name = "LatestRevisionNote"; Value = "Re-released for DXP Platform."; VariantName = "[No Variations]"
Add component (AddParameter): Name = "PackageDescription"; Value = "Switch; 2 Leads"; VariantName = "[No Variations]"
Add component (AddParameter): Name = "PackageReference"; Value = "SPST-2"; VariantName = "[No Variations]"
Add component (AddParameter): Name = "Published"; Value = "24-Mar-1999"; VariantName = "[No Variations]"
Add component (AddParameter): Name = "Publisher"; Value = "Altium Limited"; VariantName = "[No Variations]"
Added Component: Designator=U1(MP150(LC-SOT-23-5))
Add component. Clean all parameters for all variants
Add component (AddParameter): Name = "名称"; Value = "MP150"; VariantName = "[No Variations]"
Add component (AddParameter): Name = "封装"; Value = "SOT-23-5"; VariantName = "[No Variations]"
Add component (AddParameter): Name = "立创商城编号"; Value = "C55199"; VariantName = "[No Variations]"
Add component (AddParameter): Name = "规格"; Value = "MP150GJ-Z 编带"; VariantName = "[No Variations]"
Added Component: Designator=U2(SOT-223(ASM117-3.3))
Add component. Clean all parameters for all variants
Add component (AddParameter): Name = "值"; Value = ""; VariantName = "[No Variations]"
Add component (AddParameter): Name = "名称"; Value = "低压差线性稳压(LDO)"; VariantName = "[No Variations]"
Add component (AddParameter): Name = "封装"; Value = "SOT-223"; VariantName = "[No Variations]"
Add component (AddParameter): Name = "立创商城编号"; Value = "C6186"; VariantName = "[No Variations]"
Add component (AddParameter): Name = "规格"; Value = "AMS1117-3.3 编带"; VariantName = "[No Variations]"
Added Component: Designator=U3(MCU-LQFP64)
Add component. Clean all parameters for all variants
Add component (AddParameter): Name = "值"; Value = ""; VariantName = "[No Variations]"
Add component (AddParameter): Name = "名称"; Value = "STM32F411RET6"; VariantName = "[No Variations]"
Add component (AddParameter): Name = "封装"; Value = "STM-LQFP64_M"; VariantName = "[No Variations]"
Add component (AddParameter): Name = "规格"; Value = ""; VariantName = "[No Variations]"
Added Component: Designator=U4((HLW8032)LC-SOP-8_150mil)
Add component. Clean all parameters for all variants
Added Component: Designator=U5(ESP8266)
Add component. Clean all parameters for all variants
Add component (AddParameter): Name = "立创商城编号"; Value = "C82891"; VariantName = "[No Variations]"
Added Component: Designator=U6(4位共阴数码管(0.36mm 30*14))
Add component. Clean all parameters for all variants
Add component (AddParameter): Name = "名称"; Value = "LED数码管(国产)"; VariantName = "[No Variations]"
Add component (AddParameter): Name = "封装"; Value = "直插"; VariantName = "[No Variations]"
Add component (AddParameter): Name = "立创商城编号"; Value = "C10708"; VariantName = "[No Variations]"
Add component (AddParameter): Name = "规格"; Value = "四位0.36英寸红色共阴数码管 袋装"; VariantName = "[No Variations]"
Added Component: Designator=U7(SOIC-20_300mil(74HC573))
Add component. Clean all parameters for all variants
Add component (AddParameter): Name = "名称"; Value = "74系列逻辑芯片(安世)"; VariantName = "[No Variations]"
Add component (AddParameter): Name = "封装"; Value = "SOIC-20_300mil"; VariantName = "[No Variations]"
Add component (AddParameter): Name = "立创商城编号"; Value = "C5608"; VariantName = "[No Variations]"
Add component (AddParameter): Name = "规格"; Value = "74HC573D,653 编带"; VariantName = "[No Variations]"
Added Component: Designator=Y1(NX3215晶振)
Add component. Clean all parameters for all variants
Add component (AddParameter): Name = "名称"; Value = "贴片无源晶振(NDK)"; VariantName = "[No Variations]"
Add component (AddParameter): Name = "封装"; Value = "SMD-3215_2P"; VariantName = "[No Variations]"
Add component (AddParameter): Name = "立创商城编号"; Value = "C156244"; VariantName = "[No Variations]"
Add component (AddParameter): Name = "规格"; Value = "32.768KHZ 6pF 编带"; VariantName = "[No Variations]"
Added Component: Designator=Y2(SMD3225(8M晶振))
Add component. Clean all parameters for all variants
Add component (AddParameter): Name = "名称"; Value = "贴片无源晶振(KDS)"; VariantName = "[No Variations]"
Add component (AddParameter): Name = "封装"; Value = "SMD-3225_4P"; VariantName = "[No Variations]"
Add component (AddParameter): Name = "立创商城编号"; Value = "C57131"; VariantName = "[No Variations]"
Add component (AddParameter): Name = "规格"; Value = "8MHz 12pF 20ppm 编带"; VariantName = "[No Variations]"
Added Pin To Net: NetName=3V3 Pin=C17-2
Added Pin To Net: NetName=3V3 Pin=C18-2
Added Pin To Net: NetName=3V3 Pin=C19-2
Added Pin To Net: NetName=3V3 Pin=C20-1
Added Pin To Net: NetName=3V3 Pin=C21-1
Added Pin To Net: NetName=3V3 Pin=C22-1
Added Pin To Net: NetName=3V3 Pin=L2-1
Added Net: Name=3V3
Added Pin To Net: NetName=5V Pin=C7-1
Added Pin To Net: NetName=5V Pin=C8-2
Added Pin To Net: NetName=5V Pin=C9-2
Added Pin To Net: NetName=5V Pin=C10-2
Added Pin To Net: NetName=5V Pin=C12-1
Added Pin To Net: NetName=5V Pin=D1-1
Added Pin To Net: NetName=5V Pin=L1-2
Added Pin To Net: NetName=5V Pin=P4-1
Added Pin To Net: NetName=5V Pin=R6-2
Added Pin To Net: NetName=5V Pin=U2-3
Added Pin To Net: NetName=5V Pin=U4-1
Added Net: Name=5V
Added Pin To Net: NetName=AC220V-L Pin=F1-2
Added Pin To Net: NetName=AC220V-L Pin=F1-2
Added Pin To Net: NetName=AC220V-L Pin=J1-3
Added Pin To Net: NetName=AC220V-L Pin=J2-1
Added Pin To Net: NetName=AC220V-L Pin=R10-2
Added Net: Name=AC220V-L
Added Pin To Net: NetName=AC220V-N Pin=C4-1
Added Pin To Net: NetName=AC220V-N Pin=C5-2
Added Pin To Net: NetName=AC220V-N Pin=C6-2
Added Pin To Net: NetName=AC220V-N Pin=C7-2
Added Pin To Net: NetName=AC220V-N Pin=C8-1
Added Pin To Net: NetName=AC220V-N Pin=C9-1
Added Pin To Net: NetName=AC220V-N Pin=C10-1
Added Pin To Net: NetName=AC220V-N Pin=C11-1
Added Pin To Net: NetName=AC220V-N Pin=C12-2
Added Pin To Net: NetName=AC220V-N Pin=C13-2
Added Pin To Net: NetName=AC220V-N Pin=C14-1
Added Pin To Net: NetName=AC220V-N Pin=C15-2
Added Pin To Net: NetName=AC220V-N Pin=C16-1
Added Pin To Net: NetName=AC220V-N Pin=C17-1
Added Pin To Net: NetName=AC220V-N Pin=C18-1
Added Pin To Net: NetName=AC220V-N Pin=C19-1
Added Pin To Net: NetName=AC220V-N Pin=C20-2
Added Pin To Net: NetName=AC220V-N Pin=C21-2
Added Pin To Net: NetName=AC220V-N Pin=C22-2
Added Pin To Net: NetName=AC220V-N Pin=C25-2
Added Pin To Net: NetName=AC220V-N Pin=C26-2
Added Pin To Net: NetName=AC220V-N Pin=C27-2
Added Pin To Net: NetName=AC220V-N Pin=C28-2
Added Pin To Net: NetName=AC220V-N Pin=C29-2
Added Pin To Net: NetName=AC220V-N Pin=D3-2
Added Pin To Net: NetName=AC220V-N Pin=D4-1
Added Pin To Net: NetName=AC220V-N Pin=J2-3
Added Pin To Net: NetName=AC220V-N Pin=J3-3
Added Pin To Net: NetName=AC220V-N Pin=J5-2
Added Pin To Net: NetName=AC220V-N Pin=MOS1-2
Added Pin To Net: NetName=AC220V-N Pin=P1-5
Added Pin To Net: NetName=AC220V-N Pin=P1-6
Added Pin To Net: NetName=AC220V-N Pin=P2-1
Added Pin To Net: NetName=AC220V-N Pin=P3-1
Added Pin To Net: NetName=AC220V-N Pin=P4-2
Added Pin To Net: NetName=AC220V-N Pin=P5-2
Added Pin To Net: NetName=AC220V-N Pin=Q1-2
Added Pin To Net: NetName=AC220V-N Pin=R6-1
Added Pin To Net: NetName=AC220V-N Pin=R8-2
Added Pin To Net: NetName=AC220V-N Pin=R9-2
Added Pin To Net: NetName=AC220V-N Pin=R14-2
Added Pin To Net: NetName=AC220V-N Pin=R17-2
Added Pin To Net: NetName=AC220V-N Pin=R19-1
Added Pin To Net: NetName=AC220V-N Pin=R20-1
Added Pin To Net: NetName=AC220V-N Pin=R21-1
Added Pin To Net: NetName=AC220V-N Pin=R22-1
Added Pin To Net: NetName=AC220V-N Pin=R23-1
Added Pin To Net: NetName=AC220V-N Pin=R24-1
Added Pin To Net: NetName=AC220V-N Pin=R25-1
Added Pin To Net: NetName=AC220V-N Pin=R26-1
Added Pin To Net: NetName=AC220V-N Pin=R36-2
Added Pin To Net: NetName=AC220V-N Pin=R37-2
Added Pin To Net: NetName=AC220V-N Pin=Reset1-2
Added Pin To Net: NetName=AC220V-N Pin=S1-1
Added Pin To Net: NetName=AC220V-N Pin=U2-1
Added Pin To Net: NetName=AC220V-N Pin=U3-18
Added Pin To Net: NetName=AC220V-N Pin=U3-31
Added Pin To Net: NetName=AC220V-N Pin=U3-47
Added Pin To Net: NetName=AC220V-N Pin=U3-63
Added Pin To Net: NetName=AC220V-N Pin=U4-8
Added Pin To Net: NetName=AC220V-N Pin=U5-15
Added Pin To Net: NetName=AC220V-N Pin=U5-16
Added Pin To Net: NetName=AC220V-N Pin=U7-1
Added Pin To Net: NetName=AC220V-N Pin=U7-10
Added Pin To Net: NetName=AC220V-N Pin=Y2-2
Added Pin To Net: NetName=AC220V-N Pin=Y2-4
Added Net: Name=AC220V-N
Added Pin To Net: NetName=AGND Pin=C23-1
Added Pin To Net: NetName=AGND Pin=C24-1
Added Pin To Net: NetName=AGND Pin=R17-1
Added Pin To Net: NetName=AGND Pin=U3-12
Added Net: Name=AGND
Added Pin To Net: NetName=BEEP(PB5) Pin=R35-2
Added Pin To Net: NetName=BEEP(PB5) Pin=U3-57
Added Net: Name=BEEP(PB5)
Added Pin To Net: NetName=BitSel1(PB13 ) Pin=U3-34
Added Pin To Net: NetName=BitSel1(PB13 ) Pin=U6-12
Added Net: Name=BitSel1(PB13 )
Added Pin To Net: NetName=BitSel2(PB14 ) Pin=U3-35
Added Pin To Net: NetName=BitSel2(PB14 ) Pin=U6-9
Added Net: Name=BitSel2(PB14 )
Added Pin To Net: NetName=BitSel3(PB15 ) Pin=U3-36
Added Pin To Net: NetName=BitSel3(PB15 ) Pin=U6-8
Added Net: Name=BitSel3(PB15 )
Added Pin To Net: NetName=BitSel4(PB12 ) Pin=U3-33
Added Pin To Net: NetName=BitSel4(PB12 ) Pin=U6-6
Added Net: Name=BitSel4(PB12 )
Added Pin To Net: NetName=BOOT0 Pin=R15-2
Added Pin To Net: NetName=BOOT0 Pin=U3-60
Added Net: Name=BOOT0
Added Pin To Net: NetName=BOOT1 Pin=R16-1
Added Pin To Net: NetName=BOOT1 Pin=U3-28
Added Net: Name=BOOT1
Added Pin To Net: NetName=HLW_TXD(PA10) Pin=U3-43
Added Pin To Net: NetName=HLW_TXD(PA10) Pin=U4-7
Added Net: Name=HLW_TXD(PA10)
Added Pin To Net: NetName=JR1 Pin=R26-2
Added Pin To Net: NetName=JR1 Pin=U3-24
Added Pin To Net: NetName=JR1 Pin=U7-2
Added Net: Name=JR1
Added Pin To Net: NetName=JR2 Pin=R25-2
Added Pin To Net: NetName=JR2 Pin=U3-25
Added Pin To Net: NetName=JR2 Pin=U7-3
Added Net: Name=JR2
Added Pin To Net: NetName=JR3 Pin=R24-2
Added Pin To Net: NetName=JR3 Pin=U3-39
Added Pin To Net: NetName=JR3 Pin=U7-4
Added Net: Name=JR3
Added Pin To Net: NetName=JR4 Pin=R23-2
Added Pin To Net: NetName=JR4 Pin=U3-40
Added Pin To Net: NetName=JR4 Pin=U7-5
Added Net: Name=JR4
Added Pin To Net: NetName=JR5 Pin=R22-2
Added Pin To Net: NetName=JR5 Pin=U3-51
Added Pin To Net: NetName=JR5 Pin=U7-6
Added Net: Name=JR5
Added Pin To Net: NetName=JR6 Pin=R21-2
Added Pin To Net: NetName=JR6 Pin=U3-52
Added Pin To Net: NetName=JR6 Pin=U7-7
Added Net: Name=JR6
Added Pin To Net: NetName=JR7 Pin=R20-2
Added Pin To Net: NetName=JR7 Pin=U3-53
Added Pin To Net: NetName=JR7 Pin=U7-8
Added Net: Name=JR7
Added Pin To Net: NetName=JR8 Pin=R19-2
Added Pin To Net: NetName=JR8 Pin=U3-2
Added Pin To Net: NetName=JR8 Pin=U7-9
Added Net: Name=JR8
Added Pin To Net: NetName=Latches(PA1) Pin=P6-1
Added Pin To Net: NetName=Latches(PA1) Pin=U3-15
Added Net: Name=Latches(PA1)
Added Pin To Net: NetName=LED_R(PA6) Pin=MOS1-1
Added Pin To Net: NetName=LED_R(PA6) Pin=R36-1
Added Pin To Net: NetName=LED_R(PA6) Pin=U3-22
Added Net: Name=LED_R(PA6)
Added Pin To Net: NetName=LE Pin=P6-2
Added Pin To Net: NetName=LE Pin=U7-11
Added Net: Name=LE
Added Pin To Net: NetName=NetC1_1 Pin=C1-1
Added Pin To Net: NetName=NetC1_1 Pin=C2-1
Added Pin To Net: NetName=NetC1_1 Pin=C3-1
Added Pin To Net: NetName=NetC1_1 Pin=D4-2
Added Pin To Net: NetName=NetC1_1 Pin=L1-1
Added Pin To Net: NetName=NetC1_1 Pin=R5-1
Added Pin To Net: NetName=NetC1_1 Pin=U1-3
Added Pin To Net: NetName=NetC1_1 Pin=U1-4
Added Net: Name=NetC1_1
Added Pin To Net: NetName=NetC1_2 Pin=C1-2
Added Pin To Net: NetName=NetC1_2 Pin=U1-1
Added Net: Name=NetC1_2
Added Pin To Net: NetName=NetC2_2 Pin=C2-2
Added Pin To Net: NetName=NetC2_2 Pin=R2-1
Added Pin To Net: NetName=NetC2_2 Pin=R5-2
Added Pin To Net: NetName=NetC2_2 Pin=U1-2
Added Net: Name=NetC2_2
Added Pin To Net: NetName=NetC3_2 Pin=C3-2
Added Pin To Net: NetName=NetC3_2 Pin=D1-2
Added Pin To Net: NetName=NetC3_2 Pin=R2-2
Added Net: Name=NetC3_2
Added Pin To Net: NetName=NetC6_1 Pin=C6-1
Added Pin To Net: NetName=NetC6_1 Pin=D2-2
Added Pin To Net: NetName=NetC6_1 Pin=U1-5
Added Net: Name=NetC6_1
Added Pin To Net: NetName=NetC13_1 Pin=C13-1
Added Pin To Net: NetName=NetC13_1 Pin=R7-1
Added Pin To Net: NetName=NetC13_1 Pin=U4-2
Added Net: Name=NetC13_1
Added Pin To Net: NetName=NetC14_2 Pin=C14-2
Added Pin To Net: NetName=NetC14_2 Pin=R9-1
Added Pin To Net: NetName=NetC14_2 Pin=U4-3
Added Net: Name=NetC14_2
Added Pin To Net: NetName=NetC15_1 Pin=C15-1
Added Pin To Net: NetName=NetC15_1 Pin=R13-1
Added Pin To Net: NetName=NetC15_1 Pin=R14-1
Added Pin To Net: NetName=NetC15_1 Pin=U4-4
Added Net: Name=NetC15_1
Added Pin To Net: NetName=NetC16_2 Pin=C16-2
Added Pin To Net: NetName=NetC16_2 Pin=U3-30
Added Net: Name=NetC16_2
Added Pin To Net: NetName=NetD2_1 Pin=D2-1
Added Pin To Net: NetName=NetD2_1 Pin=R1-2
Added Net: Name=NetD2_1
Added Pin To Net: NetName=NetD3_1 Pin=D3-1
Added Pin To Net: NetName=NetD3_1 Pin=R3-2
Added Net: Name=NetD3_1
Added Pin To Net: NetName=NetD5_2 Pin=D5-2
Added Pin To Net: NetName=NetD5_2 Pin=MOS1-3
Added Net: Name=NetD5_2
Added Pin To Net: NetName=NetF1_1 Pin=F1-1
Added Pin To Net: NetName=NetF1_1 Pin=F1-1
Added Pin To Net: NetName=NetF1_1 Pin=R1-1
Added Net: Name=NetF1_1
Added Pin To Net: NetName=NetJ1_1 Pin=J1-1
Added Pin To Net: NetName=NetJ1_1 Pin=R7-2
Added Pin To Net: NetName=NetJ1_1 Pin=R8-1
Added Net: Name=NetJ1_1
Added Pin To Net: NetName=NetJ1_2 Pin=J1-2
Added Pin To Net: NetName=NetJ1_2 Pin=J2-2
Added Net: Name=NetJ1_2
Added Pin To Net: NetName=NetJ3_1 Pin=J3-1
Added Pin To Net: NetName=NetJ3_1 Pin=U5-22
Added Net: Name=NetJ3_1
Added Pin To Net: NetName=NetJ3_2 Pin=J3-2
Added Pin To Net: NetName=NetJ3_2 Pin=U5-21
Added Net: Name=NetJ3_2
Added Pin To Net: NetName=NetJ5_1 Pin=J5-1
Added Pin To Net: NetName=NetJ5_1 Pin=U5-18
Added Net: Name=NetJ5_1
Added Pin To Net: NetName=NetLS1_2 Pin=LS1-2
Added Pin To Net: NetName=NetLS1_2 Pin=Q1-3
Added Net: Name=NetLS1_2
Added Pin To Net: NetName=NetP1_3 Pin=P1-3
Added Pin To Net: NetName=NetP1_3 Pin=R15-1
Added Net: Name=NetP1_3
Added Pin To Net: NetName=NetP1_4 Pin=P1-4
Added Pin To Net: NetName=NetP1_4 Pin=R16-2
Added Net: Name=NetP1_4
Added Pin To Net: NetName=NetQ1_1 Pin=Q1-1
Added Pin To Net: NetName=NetQ1_1 Pin=R35-1
Added Pin To Net: NetName=NetQ1_1 Pin=R37-1
Added Net: Name=NetQ1_1
Added Pin To Net: NetName=NetR10_1 Pin=R10-1
Added Pin To Net: NetName=NetR10_1 Pin=R11-2
Added Net: Name=NetR10_1
Added Pin To Net: NetName=NetR11_1 Pin=R11-1
Added Pin To Net: NetName=NetR11_1 Pin=R12-2
Added Net: Name=NetR11_1
Added Pin To Net: NetName=NetR12_1 Pin=R12-1
Added Pin To Net: NetName=NetR12_1 Pin=R13-2
Added Net: Name=NetR12_1
Added Pin To Net: NetName=NetR27_1 Pin=R27-1
Added Pin To Net: NetName=NetR27_1 Pin=U6-11
Added Net: Name=NetR27_1
Added Pin To Net: NetName=NetR27_2 Pin=R27-2
Added Pin To Net: NetName=NetR27_2 Pin=U7-19
Added Net: Name=NetR27_2
Added Pin To Net: NetName=NetR28_1 Pin=R28-1
Added Pin To Net: NetName=NetR28_1 Pin=U6-7
Added Net: Name=NetR28_1
Added Pin To Net: NetName=NetR28_2 Pin=R28-2
Added Pin To Net: NetName=NetR28_2 Pin=U7-18
Added Net: Name=NetR28_2
Added Pin To Net: NetName=NetR29_1 Pin=R29-1
Added Pin To Net: NetName=NetR29_1 Pin=U6-4
Added Net: Name=NetR29_1
Added Pin To Net: NetName=NetR29_2 Pin=R29-2
Added Pin To Net: NetName=NetR29_2 Pin=U7-17
Added Net: Name=NetR29_2
Added Pin To Net: NetName=NetR30_1 Pin=R30-1
Added Pin To Net: NetName=NetR30_1 Pin=U6-2
Added Net: Name=NetR30_1
Added Pin To Net: NetName=NetR30_2 Pin=R30-2
Added Pin To Net: NetName=NetR30_2 Pin=U7-16
Added Net: Name=NetR30_2
Added Pin To Net: NetName=NetR31_1 Pin=R31-1
Added Pin To Net: NetName=NetR31_1 Pin=U6-1
Added Net: Name=NetR31_1
Added Pin To Net: NetName=NetR31_2 Pin=R31-2
Added Pin To Net: NetName=NetR31_2 Pin=U7-15
Added Net: Name=NetR31_2
Added Pin To Net: NetName=NetR32_1 Pin=R32-1
Added Pin To Net: NetName=NetR32_1 Pin=U6-10
Added Net: Name=NetR32_1
Added Pin To Net: NetName=NetR32_2 Pin=R32-2
Added Pin To Net: NetName=NetR32_2 Pin=U7-14
Added Net: Name=NetR32_2
Added Pin To Net: NetName=NetR33_1 Pin=R33-1
Added Pin To Net: NetName=NetR33_1 Pin=U6-5
Added Net: Name=NetR33_1
Added Pin To Net: NetName=NetR33_2 Pin=R33-2
Added Pin To Net: NetName=NetR33_2 Pin=U7-13
Added Net: Name=NetR33_2
Added Pin To Net: NetName=NetR34_1 Pin=R34-1
Added Pin To Net: NetName=NetR34_1 Pin=U6-3
Added Net: Name=NetR34_1
Added Pin To Net: NetName=NetR34_2 Pin=R34-2
Added Pin To Net: NetName=NetR34_2 Pin=U7-12
Added Net: Name=NetR34_2
Added Pin To Net: NetName=NRST Pin=C11-2
Added Pin To Net: NetName=NRST Pin=R4-1
Added Pin To Net: NetName=NRST Pin=Reset1-1
Added Pin To Net: NetName=NRST Pin=U3-7
Added Net: Name=NRST
Added Pin To Net: NetName=OSC32 IN Pin=C28-1
Added Pin To Net: NetName=OSC32 IN Pin=U3-3
Added Pin To Net: NetName=OSC32 IN Pin=Y1-1
Added Net: Name=OSC32 IN
Added Pin To Net: NetName=OSC32 OUT Pin=C27-1
Added Pin To Net: NetName=OSC32 OUT Pin=U3-4
Added Pin To Net: NetName=OSC32 OUT Pin=Y1-2
Added Net: Name=OSC32 OUT
Added Pin To Net: NetName=OSC IN Pin=C26-1
Added Pin To Net: NetName=OSC IN Pin=U3-5
Added Pin To Net: NetName=OSC IN Pin=Y2-3
Added Net: Name=OSC IN
Added Pin To Net: NetName=OSC OUT Pin=C29-1
Added Pin To Net: NetName=OSC OUT Pin=U3-6
Added Pin To Net: NetName=OSC OUT Pin=Y2-1
Added Net: Name=OSC OUT
Added Pin To Net: NetName=PA5(KEY0) Pin=C25-1
Added Pin To Net: NetName=PA5(KEY0) Pin=R18-1
Added Pin To Net: NetName=PA5(KEY0) Pin=S1-2
Added Pin To Net: NetName=PA5(KEY0) Pin=U3-21
Added Net: Name=PA5(KEY0)
Added Pin To Net: NetName=SWCLK Pin=P2-2
Added Pin To Net: NetName=SWCLK Pin=U3-49
Added Net: Name=SWCLK
Added Pin To Net: NetName=SWDIO Pin=P2-3
Added Pin To Net: NetName=SWDIO Pin=U3-46
Added Net: Name=SWDIO
Added Pin To Net: NetName=USART2_RX(PA3) Pin=P3-2
Added Pin To Net: NetName=USART2_RX(PA3) Pin=U3-17
Added Net: Name=USART2_RX(PA3)
Added Pin To Net: NetName=USART2_TX(PA2) Pin=P3-3
Added Pin To Net: NetName=USART2_TX(PA2) Pin=U3-16
Added Net: Name=USART2_TX(PA2)
Added Pin To Net: NetName=VCC3.3A Pin=C23-2
Added Pin To Net: NetName=VCC3.3A Pin=C24-2
Added Pin To Net: NetName=VCC3.3A Pin=L2-2
Added Pin To Net: NetName=VCC3.3A Pin=U3-13
Added Net: Name=VCC3.3A
Added Pin To Net: NetName=VCC3.3 Pin=P2-4
Added Pin To Net: NetName=VCC3.3 Pin=R18-2
Added Net: Name=VCC3.3
Added Pin To Net: NetName=VCC3.3V Pin=C4-2
Added Pin To Net: NetName=VCC3.3V Pin=C5-1
Added Pin To Net: NetName=VCC3.3V Pin=D5-1
Added Pin To Net: NetName=VCC3.3V Pin=J4-1
Added Pin To Net: NetName=VCC3.3V Pin=LS1-1
Added Pin To Net: NetName=VCC3.3V Pin=P1-1
Added Pin To Net: NetName=VCC3.3V Pin=P1-2
Added Pin To Net: NetName=VCC3.3V Pin=P5-1
Added Pin To Net: NetName=VCC3.3V Pin=P6-3
Added Pin To Net: NetName=VCC3.3V Pin=R3-1
Added Pin To Net: NetName=VCC3.3V Pin=R4-2
Added Pin To Net: NetName=VCC3.3V Pin=U2-2
Added Pin To Net: NetName=VCC3.3V Pin=U2-4
Added Pin To Net: NetName=VCC3.3V Pin=U3-1
Added Pin To Net: NetName=VCC3.3V Pin=U3-19
Added Pin To Net: NetName=VCC3.3V Pin=U3-32
Added Pin To Net: NetName=VCC3.3V Pin=U3-48
Added Pin To Net: NetName=VCC3.3V Pin=U3-64
Added Pin To Net: NetName=VCC3.3V Pin=U5-8
Added Pin To Net: NetName=VCC3.3V Pin=U7-20
Added Net: Name=VCC3.3V
Added Pin To Net: NetName=WIFI_EN(PB6) Pin=J4-2
Added Pin To Net: NetName=WIFI_EN(PB6) Pin=U3-58
Added Pin To Net: NetName=WIFI_EN(PB6) Pin=U5-3
Added Net: Name=WIFI_EN(PB6)
Added Pin To Net: NetName=WIFI_RST(PB7) Pin=U3-59
Added Pin To Net: NetName=WIFI_RST(PB7) Pin=U5-1
Added Net: Name=WIFI_RST(PB7)
Added Pin To Net: NetName=WIFI_USART6_RX(PC7) Pin=J3-4
Added Pin To Net: NetName=WIFI_USART6_RX(PC7) Pin=U3-38
Added Net: Name=WIFI_USART6_RX(PC7)
Added Pin To Net: NetName=WIFI_USART6_TX(PC6) Pin=J3-5
Added Pin To Net: NetName=WIFI_USART6_TX(PC6) Pin=U3-37
Added Net: Name=WIFI_USART6_TX(PC6)
Added Class: Name=Sheet1
Added Class: Name=Sheet2
Added Room: Name=Sheet1
Added Room: Name=Sheet2
