Change Component Designator: Old Designator=C29 New Designator=C30
Change Component Designator: Old Designator=C30 New Designator=C31
Change Component Designator: Old Designator=C31 New Designator=C32
Change Component Designator: Old Designator=C32 New Designator=C33
Change Component Designator: Old Designator=C33 New Designator=C34
Change Component Designator: Old Designator=C34 New Designator=C35
Change Component Designator: Old Designator=C35 New Designator=C36
Change Component Designator: Old Designator=C36 New Designator=C37
Change Component Designator: Old Designator=C37 New Designator=C38
Change Component Designator: Old Designator=C38 New Designator=C39
Change Component Designator: Old Designator=C39 New Designator=C40
Change Component Designator: Old Designator=C40 New Designator=C41
Change Component Designator: Old Designator=C41 New Designator=C42
Change Component Designator: Old Designator=C42 New Designator=C43
Change Component Designator: Old Designator=D7 New Designator=D6
Change Component Designator: Old Designator=D8 New Designator=D7
Change Component Designator: Old Designator=D9 New Designator=D8
Change Component Designator: Old Designator=D10 New Designator=D9
Change Component Designator: Old Designator=J3 New Designator=J8
Change Component Designator: Old Designator=J4 New Designator=J9
Change Component Designator: Old Designator=J5 New Designator=J10
Change Component Designator: Old Designator=P3 New Designator=P4
Change Component Designator: Old Designator=P4 New Designator=P5
Change Component Designator: Old Designator=R22 New Designator=R38
Change Component Designator: Old Designator=R23 New Designator=R39
Change Component Designator: Old Designator=R24 New Designator=R40
Change Component Designator: Old Designator=R25 New Designator=R41
Change Component Designator: Old Designator=R26 New Designator=R42
Change Component Designator: Old Designator=R27 New Designator=R43
Change Component Designator: Old Designator=R28 New Designator=R44
Change Component Designator: Old Designator=R29 New Designator=R45
Change Component Designator: Old Designator=R30 New Designator=R46
Change Component Designator: Old Designator=R31 New Designator=R47
Change Component Designator: Old Designator=R32 New Designator=R48
Change Component Designator: Old Designator=R33 New Designator=R49
Change Component Designator: Old Designator=R34 New Designator=R50
Change Component Designator: Old Designator=U6 New Designator=U8
Change Component Designator: Old Designator=U7 New Designator=U9
Change Component Designator: Old Designator=U8 New Designator=U10
Change Component Designator: Old Designator=U9 New Designator=U11
