Change Component Designator: Old Designator=C30 New Designator=C31
Change Component Designator: Old Designator=C31 New Designator=C32
Change Component Designator: Old Designator=C32 New Designator=C33
Change Component Designator: Old Designator=C33 New Designator=C35
Change Component Designator: Old Designator=C34 New Designator=C36
Change Component Designator: Old Designator=C35 New Designator=C39
Change Component Designator: Old Designator=C36 New Designator=C40
Change Component Designator: Old Designator=C37 New Designator=C41
Change Component Designator: Old Designator=C38 New Designator=C42
Change Component Designator: Old Designator=C? New Designator=C30
Change Component Designator: Old Designator=C? New Designator=C34
Change Component Designator: Old Designator=C? New Designator=C37
Change Component Designator: Old Designator=C? New Designator=C38
Change Component Designator: Old Designator=J? New Designator=J3
Change Component Designator: Old Designator=J? New Designator=J4
Change Component Designator: Old Designator=R24 New Designator=R25
Change Component Designator: Old Designator=R25 New Designator=R27
Change Component Designator: Old Designator=R26 New Designator=R34
Change Component Designator: Old Designator=R? New Designator=R24
Change Component Designator: Old Designator=R? New Designator=R26
Change Component Designator: Old Designator=R? New Designator=R28
Change Component Designator: Old Designator=R? New Designator=R29
Change Component Designator: Old Designator=R? New Designator=R30
Change Component Designator: Old Designator=R? New Designator=R31
Change Component Designator: Old Designator=R? New Designator=R32
Change Component Designator: Old Designator=R? New Designator=R33
Change Component Designator: Old Designator=U7 New Designator=U8
Change Component Designator: Old Designator=U? New Designator=U7
Change Component Designator: Old Designator=U? New Designator=U9
